빌드 시작: 2015-08-21 오후 4:46:47
     1>2 노드의 "C:\Users\Jue\Documents\Visual Studio 2012\Projects\FireBalloon\Source_Code\Fire_Balloon\Fire_Balloon.vcxproj" 프로젝트(Build 대상)입니다.
     1>ClCompile:
         C:\Program Files\Microsoft Visual Studio 11.0\VC\bin\CL.exe /c /I..\\Library\\Include\\ /Zi /nologo /W3 /WX- /O2 /Oi /Oy- /GL /D WIN32 /D NDEBUG /D _WINDOWS /D _UNICODE /D UNICODE /Gm- /EHsc /MD /GS /Gy /fp:precise /Zc:wchar_t /Zc:forScope /Fo"Release\\" /Fd"Release\vc110.pdb" /Gd /TP /analyze- /errorReport:prompt Button.cpp Enemy.cpp GameExplainScene.cpp GameResultScene.cpp Graphic_Lib.cpp main.cpp Main_Scene.cpp Manage_Scene.cpp ObjectManager.cpp User.cpp
         Button.cpp
     1>Button.cpp(10): warning C4244: '=' : 'int'에서 'float'(으)로 변환하면서 데이터가 손실될 수 있습니다.
     1>Button.cpp(11): warning C4244: '=' : 'int'에서 'float'(으)로 변환하면서 데이터가 손실될 수 있습니다.
         Enemy.cpp
         GameExplainScene.cpp
         GameResultScene.cpp
         Graphic_Lib.cpp
         main.cpp
         Main_Scene.cpp
         Manage_Scene.cpp
         ObjectManager.cpp
         User.cpp
       Link:
         C:\Program Files\Microsoft Visual Studio 11.0\VC\bin\link.exe /ERRORREPORT:PROMPT /OUT:"C:\Users\Jue\Documents\Visual Studio 2012\Projects\FireBalloon\Source_Code\Release\Fire_Balloon.exe" /INCREMENTAL:NO /NOLOGO /LIBPATH:..\\Library\\Lib\\x86\\ kernel32.lib user32.lib gdi32.lib winspool.lib comdlg32.lib advapi32.lib shell32.lib ole32.lib oleaut32.lib uuid.lib odbc32.lib odbccp32.lib /MANIFEST /MANIFESTUAC:"level='asInvoker' uiAccess='false'" /manifest:embed /DEBUG /PDB:"C:\Users\Jue\Documents\Visual Studio 2012\Projects\FireBalloon\Source_Code\Release\Fire_Balloon.pdb" /SUBSYSTEM:WINDOWS /OPT:REF /OPT:ICF /LTCG /TLBID:1 /DYNAMICBASE /NXCOMPAT /IMPLIB:"C:\Users\Jue\Documents\Visual Studio 2012\Projects\FireBalloon\Source_Code\Release\Fire_Balloon.lib" /MACHINE:X86 /SAFESEH Release\Button.obj
         Release\Enemy.obj
         Release\GameExplainScene.obj
         Release\GameResultScene.obj
         Release\GameScene.obj
         Release\Graphic_Lib.obj
         Release\main.obj
         Release\Main_Scene.obj
         Release\Manage_Scene.obj
         Release\ObjectManager.obj
         Release\User.obj
         코드를 생성하고 있습니다.
     1>c:\users\jue\documents\visual studio 2012\projects\fireballoon\source_code\fire_balloon\objectmanager.cpp(78): warning C4715: 'ObjectManager::getEnemy' : 모든 제어 경로에서 값을 반환하지는 않습니다.
         코드를 생성했습니다.
         Fire_Balloon.vcxproj -> C:\Users\Jue\Documents\Visual Studio 2012\Projects\FireBalloon\Source_Code\Release\Fire_Balloon.exe
     1>"C:\Users\Jue\Documents\Visual Studio 2012\Projects\FireBalloon\Source_Code\Fire_Balloon\Fire_Balloon.vcxproj" 프로젝트를 빌드했습니다(Build 대상).

빌드했습니다.

경과 시간: 00:00:27.62
