C:\USERS\JUE\DOCUMENTS\VISUAL STUDIO 2012\PROJECTS\FIREBALLOON\SOURCE_CODE\FIRE_BALLOON\DEBUG\MAIN.OBJ
C:\USERS\JUE\DOCUMENTS\VISUAL STUDIO 2012\PROJECTS\FIREBALLOON\SOURCE_CODE\FIRE_BALLOON\DEBUG\VC110.PDB
C:\USERS\JUE\DOCUMENTS\VISUAL STUDIO 2012\PROJECTS\FIREBALLOON\SOURCE_CODE\FIRE_BALLOON\DEBUG\BUTTON.OBJ
C:\USERS\JUE\DOCUMENTS\VISUAL STUDIO 2012\PROJECTS\FIREBALLOON\SOURCE_CODE\FIRE_BALLOON\DEBUG\GAMEEXPLAINSCENE.OBJ
C:\USERS\JUE\DOCUMENTS\VISUAL STUDIO 2012\PROJECTS\FIREBALLOON\SOURCE_CODE\FIRE_BALLOON\DEBUG\GRAPHIC_LIB.OBJ
C:\USERS\JUE\DOCUMENTS\VISUAL STUDIO 2012\PROJECTS\FIREBALLOON\SOURCE_CODE\FIRE_BALLOON\DEBUG\MAIN_SCENE.OBJ
C:\USERS\JUE\DOCUMENTS\VISUAL STUDIO 2012\PROJECTS\FIREBALLOON\SOURCE_CODE\FIRE_BALLOON\DEBUG\MANAGE_SCENE.OBJ
C:\USERS\JUE\DOCUMENTS\VISUAL STUDIO 2012\PROJECTS\FIREBALLOON\SOURCE_CODE\FIRE_BALLOON\DEBUG\GAMESCENE.OBJ
C:\USERS\JUE\DOCUMENTS\VISUAL STUDIO 2012\PROJECTS\FIREBALLOON\SOURCE_CODE\DEBUG\FIRE_BALLOON.ILK
C:\USERS\JUE\DOCUMENTS\VISUAL STUDIO 2012\PROJECTS\FIREBALLOON\SOURCE_CODE\DEBUG\FIRE_BALLOON.EXE
C:\USERS\JUE\DOCUMENTS\VISUAL STUDIO 2012\PROJECTS\FIREBALLOON\SOURCE_CODE\DEBUG\FIRE_BALLOON.PDB
C:\Users\Jue\Documents\Visual Studio 2012\Projects\FireBalloon\Source_Code\Fire_Balloon\Debug\Button.obj
C:\Users\Jue\Documents\Visual Studio 2012\Projects\FireBalloon\Source_Code\Fire_Balloon\Debug\Buttton.obj
C:\Users\Jue\Documents\Visual Studio 2012\Projects\FireBalloon\Source_Code\Fire_Balloon\Debug\DirectX_Lib.obj
C:\Users\Jue\Documents\Visual Studio 2012\Projects\FireBalloon\Source_Code\Fire_Balloon\Debug\GameExplainScene.obj
C:\Users\Jue\Documents\Visual Studio 2012\Projects\FireBalloon\Source_Code\Fire_Balloon\Debug\GameScene.obj
C:\Users\Jue\Documents\Visual Studio 2012\Projects\FireBalloon\Source_Code\Fire_Balloon\Debug\Graphic_Lib.obj
C:\Users\Jue\Documents\Visual Studio 2012\Projects\FireBalloon\Source_Code\Fire_Balloon\Debug\main.obj
C:\Users\Jue\Documents\Visual Studio 2012\Projects\FireBalloon\Source_Code\Fire_Balloon\Debug\Main_Scene.obj
C:\Users\Jue\Documents\Visual Studio 2012\Projects\FireBalloon\Source_Code\Fire_Balloon\Debug\Manage_Scene.obj
C:\Users\Jue\Documents\Visual Studio 2012\Projects\FireBalloon\Source_Code\Fire_Balloon\Debug\cl.command.1.tlog
C:\Users\Jue\Documents\Visual Studio 2012\Projects\FireBalloon\Source_Code\Fire_Balloon\Debug\CL.read.1.tlog
C:\Users\Jue\Documents\Visual Studio 2012\Projects\FireBalloon\Source_Code\Fire_Balloon\Debug\CL.write.1.tlog
C:\Users\Jue\Documents\Visual Studio 2012\Projects\FireBalloon\Source_Code\Fire_Balloon\Debug\link-cvtres.read.1.tlog
C:\Users\Jue\Documents\Visual Studio 2012\Projects\FireBalloon\Source_Code\Fire_Balloon\Debug\link-cvtres.write.1.tlog
C:\Users\Jue\Documents\Visual Studio 2012\Projects\FireBalloon\Source_Code\Fire_Balloon\Debug\link-rc.read.1.tlog
C:\Users\Jue\Documents\Visual Studio 2012\Projects\FireBalloon\Source_Code\Fire_Balloon\Debug\link-rc.write.1.tlog
C:\Users\Jue\Documents\Visual Studio 2012\Projects\FireBalloon\Source_Code\Fire_Balloon\Debug\link.12052-cvtres.read.1.tlog
C:\Users\Jue\Documents\Visual Studio 2012\Projects\FireBalloon\Source_Code\Fire_Balloon\Debug\link.12052-cvtres.write.1.tlog
C:\Users\Jue\Documents\Visual Studio 2012\Projects\FireBalloon\Source_Code\Fire_Balloon\Debug\link.12052-rc.read.1.tlog
C:\Users\Jue\Documents\Visual Studio 2012\Projects\FireBalloon\Source_Code\Fire_Balloon\Debug\link.12052-rc.write.1.tlog
C:\Users\Jue\Documents\Visual Studio 2012\Projects\FireBalloon\Source_Code\Fire_Balloon\Debug\link.12052.read.1.tlog
C:\Users\Jue\Documents\Visual Studio 2012\Projects\FireBalloon\Source_Code\Fire_Balloon\Debug\link.12052.write.1.tlog
C:\Users\Jue\Documents\Visual Studio 2012\Projects\FireBalloon\Source_Code\Fire_Balloon\Debug\link.12668-cvtres.read.1.tlog
C:\Users\Jue\Documents\Visual Studio 2012\Projects\FireBalloon\Source_Code\Fire_Balloon\Debug\link.12668-cvtres.write.1.tlog
C:\Users\Jue\Documents\Visual Studio 2012\Projects\FireBalloon\Source_Code\Fire_Balloon\Debug\link.12668-rc.read.1.tlog
C:\Users\Jue\Documents\Visual Studio 2012\Projects\FireBalloon\Source_Code\Fire_Balloon\Debug\link.12668-rc.write.1.tlog
C:\Users\Jue\Documents\Visual Studio 2012\Projects\FireBalloon\Source_Code\Fire_Balloon\Debug\link.12668.read.1.tlog
C:\Users\Jue\Documents\Visual Studio 2012\Projects\FireBalloon\Source_Code\Fire_Balloon\Debug\link.12668.write.1.tlog
C:\Users\Jue\Documents\Visual Studio 2012\Projects\FireBalloon\Source_Code\Fire_Balloon\Debug\link.2364-cvtres.read.1.tlog
C:\Users\Jue\Documents\Visual Studio 2012\Projects\FireBalloon\Source_Code\Fire_Balloon\Debug\link.2364-cvtres.write.1.tlog
C:\Users\Jue\Documents\Visual Studio 2012\Projects\FireBalloon\Source_Code\Fire_Balloon\Debug\link.2364-rc.read.1.tlog
C:\Users\Jue\Documents\Visual Studio 2012\Projects\FireBalloon\Source_Code\Fire_Balloon\Debug\link.2364-rc.write.1.tlog
C:\Users\Jue\Documents\Visual Studio 2012\Projects\FireBalloon\Source_Code\Fire_Balloon\Debug\link.2364.read.1.tlog
C:\Users\Jue\Documents\Visual Studio 2012\Projects\FireBalloon\Source_Code\Fire_Balloon\Debug\link.2364.write.1.tlog
C:\Users\Jue\Documents\Visual Studio 2012\Projects\FireBalloon\Source_Code\Fire_Balloon\Debug\link.3440-cvtres.read.1.tlog
C:\Users\Jue\Documents\Visual Studio 2012\Projects\FireBalloon\Source_Code\Fire_Balloon\Debug\link.3440-cvtres.write.1.tlog
C:\Users\Jue\Documents\Visual Studio 2012\Projects\FireBalloon\Source_Code\Fire_Balloon\Debug\link.3440-rc.read.1.tlog
C:\Users\Jue\Documents\Visual Studio 2012\Projects\FireBalloon\Source_Code\Fire_Balloon\Debug\link.3440-rc.write.1.tlog
C:\Users\Jue\Documents\Visual Studio 2012\Projects\FireBalloon\Source_Code\Fire_Balloon\Debug\link.3440.read.1.tlog
C:\Users\Jue\Documents\Visual Studio 2012\Projects\FireBalloon\Source_Code\Fire_Balloon\Debug\link.3440.write.1.tlog
C:\Users\Jue\Documents\Visual Studio 2012\Projects\FireBalloon\Source_Code\Fire_Balloon\Debug\link.5484-cvtres.read.1.tlog
C:\Users\Jue\Documents\Visual Studio 2012\Projects\FireBalloon\Source_Code\Fire_Balloon\Debug\link.5484-cvtres.write.1.tlog
C:\Users\Jue\Documents\Visual Studio 2012\Projects\FireBalloon\Source_Code\Fire_Balloon\Debug\link.5484-rc.read.1.tlog
C:\Users\Jue\Documents\Visual Studio 2012\Projects\FireBalloon\Source_Code\Fire_Balloon\Debug\link.5484-rc.write.1.tlog
C:\Users\Jue\Documents\Visual Studio 2012\Projects\FireBalloon\Source_Code\Fire_Balloon\Debug\link.5484.read.1.tlog
C:\Users\Jue\Documents\Visual Studio 2012\Projects\FireBalloon\Source_Code\Fire_Balloon\Debug\link.5484.write.1.tlog
C:\Users\Jue\Documents\Visual Studio 2012\Projects\FireBalloon\Source_Code\Fire_Balloon\Debug\link.5700-cvtres.read.1.tlog
C:\Users\Jue\Documents\Visual Studio 2012\Projects\FireBalloon\Source_Code\Fire_Balloon\Debug\link.5700-cvtres.write.1.tlog
C:\Users\Jue\Documents\Visual Studio 2012\Projects\FireBalloon\Source_Code\Fire_Balloon\Debug\link.5700-rc.read.1.tlog
C:\Users\Jue\Documents\Visual Studio 2012\Projects\FireBalloon\Source_Code\Fire_Balloon\Debug\link.5700-rc.write.1.tlog
C:\Users\Jue\Documents\Visual Studio 2012\Projects\FireBalloon\Source_Code\Fire_Balloon\Debug\link.5700.read.1.tlog
C:\Users\Jue\Documents\Visual Studio 2012\Projects\FireBalloon\Source_Code\Fire_Balloon\Debug\link.5700.write.1.tlog
C:\Users\Jue\Documents\Visual Studio 2012\Projects\FireBalloon\Source_Code\Fire_Balloon\Debug\link.5740-cvtres.read.1.tlog
C:\Users\Jue\Documents\Visual Studio 2012\Projects\FireBalloon\Source_Code\Fire_Balloon\Debug\link.5740-cvtres.write.1.tlog
C:\Users\Jue\Documents\Visual Studio 2012\Projects\FireBalloon\Source_Code\Fire_Balloon\Debug\link.5740-rc.read.1.tlog
C:\Users\Jue\Documents\Visual Studio 2012\Projects\FireBalloon\Source_Code\Fire_Balloon\Debug\link.5740-rc.write.1.tlog
C:\Users\Jue\Documents\Visual Studio 2012\Projects\FireBalloon\Source_Code\Fire_Balloon\Debug\link.5740.read.1.tlog
C:\Users\Jue\Documents\Visual Studio 2012\Projects\FireBalloon\Source_Code\Fire_Balloon\Debug\link.5740.write.1.tlog
C:\Users\Jue\Documents\Visual Studio 2012\Projects\FireBalloon\Source_Code\Fire_Balloon\Debug\link.5896-cvtres.read.1.tlog
C:\Users\Jue\Documents\Visual Studio 2012\Projects\FireBalloon\Source_Code\Fire_Balloon\Debug\link.5896-cvtres.write.1.tlog
C:\Users\Jue\Documents\Visual Studio 2012\Projects\FireBalloon\Source_Code\Fire_Balloon\Debug\link.5896-rc.read.1.tlog
C:\Users\Jue\Documents\Visual Studio 2012\Projects\FireBalloon\Source_Code\Fire_Balloon\Debug\link.5896-rc.write.1.tlog
C:\Users\Jue\Documents\Visual Studio 2012\Projects\FireBalloon\Source_Code\Fire_Balloon\Debug\link.5896.read.1.tlog
C:\Users\Jue\Documents\Visual Studio 2012\Projects\FireBalloon\Source_Code\Fire_Balloon\Debug\link.5896.write.1.tlog
C:\Users\Jue\Documents\Visual Studio 2012\Projects\FireBalloon\Source_Code\Fire_Balloon\Debug\link.5972-cvtres.read.1.tlog
C:\Users\Jue\Documents\Visual Studio 2012\Projects\FireBalloon\Source_Code\Fire_Balloon\Debug\link.5972-cvtres.write.1.tlog
C:\Users\Jue\Documents\Visual Studio 2012\Projects\FireBalloon\Source_Code\Fire_Balloon\Debug\link.5972-rc.read.1.tlog
C:\Users\Jue\Documents\Visual Studio 2012\Projects\FireBalloon\Source_Code\Fire_Balloon\Debug\link.5972-rc.write.1.tlog
C:\Users\Jue\Documents\Visual Studio 2012\Projects\FireBalloon\Source_Code\Fire_Balloon\Debug\link.5972.read.1.tlog
C:\Users\Jue\Documents\Visual Studio 2012\Projects\FireBalloon\Source_Code\Fire_Balloon\Debug\link.5972.write.1.tlog
C:\Users\Jue\Documents\Visual Studio 2012\Projects\FireBalloon\Source_Code\Fire_Balloon\Debug\link.7012-cvtres.read.1.tlog
C:\Users\Jue\Documents\Visual Studio 2012\Projects\FireBalloon\Source_Code\Fire_Balloon\Debug\link.7012-cvtres.write.1.tlog
C:\Users\Jue\Documents\Visual Studio 2012\Projects\FireBalloon\Source_Code\Fire_Balloon\Debug\link.7012-rc.read.1.tlog
C:\Users\Jue\Documents\Visual Studio 2012\Projects\FireBalloon\Source_Code\Fire_Balloon\Debug\link.7012-rc.write.1.tlog
C:\Users\Jue\Documents\Visual Studio 2012\Projects\FireBalloon\Source_Code\Fire_Balloon\Debug\link.7012.read.1.tlog
C:\Users\Jue\Documents\Visual Studio 2012\Projects\FireBalloon\Source_Code\Fire_Balloon\Debug\link.7012.write.1.tlog
C:\Users\Jue\Documents\Visual Studio 2012\Projects\FireBalloon\Source_Code\Fire_Balloon\Debug\link.7504-cvtres.read.1.tlog
C:\Users\Jue\Documents\Visual Studio 2012\Projects\FireBalloon\Source_Code\Fire_Balloon\Debug\link.7504-cvtres.write.1.tlog
C:\Users\Jue\Documents\Visual Studio 2012\Projects\FireBalloon\Source_Code\Fire_Balloon\Debug\link.7504-rc.read.1.tlog
C:\Users\Jue\Documents\Visual Studio 2012\Projects\FireBalloon\Source_Code\Fire_Balloon\Debug\link.7504-rc.write.1.tlog
C:\Users\Jue\Documents\Visual Studio 2012\Projects\FireBalloon\Source_Code\Fire_Balloon\Debug\link.7504.read.1.tlog
C:\Users\Jue\Documents\Visual Studio 2012\Projects\FireBalloon\Source_Code\Fire_Balloon\Debug\link.7504.write.1.tlog
C:\Users\Jue\Documents\Visual Studio 2012\Projects\FireBalloon\Source_Code\Fire_Balloon\Debug\link.8024-cvtres.read.1.tlog
C:\Users\Jue\Documents\Visual Studio 2012\Projects\FireBalloon\Source_Code\Fire_Balloon\Debug\link.8024-cvtres.write.1.tlog
C:\Users\Jue\Documents\Visual Studio 2012\Projects\FireBalloon\Source_Code\Fire_Balloon\Debug\link.8024-rc.read.1.tlog
C:\Users\Jue\Documents\Visual Studio 2012\Projects\FireBalloon\Source_Code\Fire_Balloon\Debug\link.8024-rc.write.1.tlog
C:\Users\Jue\Documents\Visual Studio 2012\Projects\FireBalloon\Source_Code\Fire_Balloon\Debug\link.8024.read.1.tlog
C:\Users\Jue\Documents\Visual Studio 2012\Projects\FireBalloon\Source_Code\Fire_Balloon\Debug\link.8024.write.1.tlog
C:\Users\Jue\Documents\Visual Studio 2012\Projects\FireBalloon\Source_Code\Fire_Balloon\Debug\link.command.1.tlog
C:\Users\Jue\Documents\Visual Studio 2012\Projects\FireBalloon\Source_Code\Fire_Balloon\Debug\link.read.1.tlog
C:\Users\Jue\Documents\Visual Studio 2012\Projects\FireBalloon\Source_Code\Fire_Balloon\Debug\link.write.1.tlog
C:\Users\Jue\Documents\Visual Studio 2012\Projects\FireBalloon\Source_Code\Fire_Balloon\Debug\vc110.idb
C:\Users\Jue\Documents\Visual Studio 2012\Projects\FireBalloon\Source_Code\Fire_Balloon\Debug\vc110.pdb
C:\Users\Jue\Documents\Visual Studio 2012\Projects\FireBalloon\Source_Code\Debug\Fire_Balloon.pdb
C:\Users\Jue\Documents\Visual Studio 2012\Projects\FireBalloon\Source_Code\Debug\Fire_Balloon.exe
C:\Users\Jue\Documents\Visual Studio 2012\Projects\FireBalloon\Source_Code\Debug\Fire_Balloon.ilk
